<?xml version="1.0" encoding="UTF-8"?>
<testng-results ignored="0" total="3" passed="3" failed="0" skipped="0">
  <reporter-output>
  </reporter-output>
  <suite started-at="2022-12-05T16:26:56 EST" name="Suite" finished-at="2022-12-05T16:28:53 EST" duration-ms="117415">
    <groups>
    </groups>
    <test started-at="2022-12-05T16:26:56 EST" name="Test" finished-at="2022-12-05T16:28:53 EST" duration-ms="117415">
      <class name="test.LoginTest">
        <test-method is-config="true" signature="beforeMethod()[pri:0, instance:test.LoginTest@71b3bc45]" started-at="2022-12-05T16:27:49 EST" name="beforeMethod" finished-at="2022-12-05T16:27:59 EST" duration-ms="10193" status="PASS">
          <reporter-output>
          </reporter-output>
        </test-method> <!-- beforeMethod -->
        <test-method signature="IncorrectCredentials()[pri:0, instance:test.LoginTest@71b3bc45]" started-at="2022-12-05T16:27:59 EST" name="IncorrectCredentials" finished-at="2022-12-05T16:28:17 EST" duration-ms="18411" status="PASS">
          <reporter-output>
          </reporter-output>
        </test-method> <!-- IncorrectCredentials -->
        <test-method is-config="true" signature="afterMethod()[pri:0, instance:test.LoginTest@71b3bc45]" started-at="2022-12-05T16:28:17 EST" name="afterMethod" finished-at="2022-12-05T16:28:21 EST" duration-ms="3652" status="PASS">
          <reporter-output>
          </reporter-output>
        </test-method> <!-- afterMethod -->
        <test-method is-config="true" signature="beforeMethod()[pri:0, instance:test.LoginTest@71b3bc45]" started-at="2022-12-05T16:28:21 EST" name="beforeMethod" finished-at="2022-12-05T16:28:30 EST" duration-ms="9617" status="PASS">
          <reporter-output>
          </reporter-output>
        </test-method> <!-- beforeMethod -->
        <test-method signature="loginwithNOEmail()[pri:0, instance:test.LoginTest@71b3bc45]" started-at="2022-12-05T16:28:30 EST" name="loginwithNOEmail" finished-at="2022-12-05T16:28:50 EST" duration-ms="19139" status="PASS">
          <reporter-output>
          </reporter-output>
        </test-method> <!-- loginwithNOEmail -->
        <test-method is-config="true" signature="afterMethod()[pri:0, instance:test.LoginTest@71b3bc45]" started-at="2022-12-05T16:28:50 EST" name="afterMethod" finished-at="2022-12-05T16:28:53 EST" duration-ms="3216" status="PASS">
          <reporter-output>
          </reporter-output>
        </test-method> <!-- afterMethod -->
        <test-method is-config="true" signature="afterclass()[pri:0, instance:test.LoginTest@71b3bc45]" started-at="2022-12-05T16:28:53 EST" name="afterclass" finished-at="2022-12-05T16:28:53 EST" duration-ms="145" status="PASS">
          <reporter-output>
          </reporter-output>
        </test-method> <!-- afterclass -->
      </class> <!-- test.LoginTest -->
      <class name="test.AddToCartTest">
        <test-method is-config="true" signature="beforeMethod()[pri:0, instance:test.AddToCartTest@61884cb1]" started-at="2022-12-05T16:26:56 EST" name="beforeMethod" finished-at="2022-12-05T16:27:08 EST" duration-ms="12645" status="PASS">
          <reporter-output>
          </reporter-output>
        </test-method> <!-- beforeMethod -->
        <test-method signature="AddtoCart()[pri:0, instance:test.AddToCartTest@61884cb1]" started-at="2022-12-05T16:27:08 EST" name="AddtoCart" finished-at="2022-12-05T16:27:43 EST" duration-ms="34865" status="PASS">
          <reporter-output>
          </reporter-output>
        </test-method> <!-- AddtoCart -->
        <test-method is-config="true" signature="afterMethod()[pri:0, instance:test.AddToCartTest@61884cb1]" started-at="2022-12-05T16:27:43 EST" name="afterMethod" finished-at="2022-12-05T16:27:49 EST" duration-ms="5375" status="PASS">
          <reporter-output>
          </reporter-output>
        </test-method> <!-- afterMethod -->
      </class> <!-- test.AddToCartTest -->
    </test> <!-- Test -->
  </suite> <!-- Suite -->
</testng-results>
