<?xml version="1.0" encoding="UTF-8"?>
<!-- Generated by org.testng.reporters.JUnitXMLReporter -->
<testsuite ignored="0" hostname="DESKTOP-UM5P1M6" failures="0" tests="3" name="Test" time="117.415" errors="0" timestamp="2022-12-05T16:28:53 EST">
  <testcase classname="test.AddToCartTest" name="AddtoCart" time="34.865"/>
  <testcase classname="test.LoginTest" name="IncorrectCredentials" time="18.411"/>
  <testcase classname="test.LoginTest" name="loginwithNOEmail" time="19.139"/>
</testsuite> <!-- Test -->
